<?xml version="1.0" encoding="utf-8"?><testsuites name="pytest tests"><testsuite name="pytest" errors="0" failures="3" skipped="1" tests="172" time="337.291" timestamp="2026-07-15T11:37:14.096006+02:00" hostname="3AIWKS"><testcase classname="tests.test_rag_reflex_alignment_batch12" name="test_capacity_settings_are_bounded_and_validated" time="0.102" /><testcase classname="tests.test_rag_reflex_alignment_batch12" name="test_capacity_limiter_bounds_active_and_waiting_requests" time="0.004" /><testcase classname="tests.test_rag_reflex_alignment_batch12" name="test_capacity_queue_timeout_cleans_waiting_counter" time="0.030" /><testcase classname="tests.test_rag_reflex_alignment_batch12" name="test_query_endpoint_returns_retryable_service_busy" time="0.020" /><testcase classname="tests.test_rag_reflex_alignment_batch12" name="test_capacity_slot_is_released_when_service_raises" time="0.015" /><testcase classname="tests.test_rag_reflex_alignment_batch12" name="test_readiness_exposes_capacity_and_rejects_saturated_instance" time="0.017" /><testcase classname="tests.test_rag_reflex_alignment_batch12" name="test_readiness_is_ok_when_capacity_accepts_work" time="0.019" /><testcase classname="tests.test_rag_reflex_alignment_batch11" name="test_public_schema_accepts_history_that_repeats_current_query" time="0.001" /><testcase classname="tests.test_rag_reflex_alignment_batch11" name="test_history_budget_keeps_most_recent_complete_turn" time="0.001" /><testcase classname="tests.test_rag_reflex_alignment_batch11" name="test_history_budget_truncates_single_recent_turn_without_breaking_roles" time="0.001" /><testcase classname="tests.test_rag_reflex_alignment_batch11" name="test_prompt_builder_reports_history_budget_diagnostics" time="0.002" /><testcase classname="tests.test_rag_reflex_alignment_batch11" name="test_follow_up_document_scope_uses_only_previous_user_messages" time="0.015" /><testcase classname="tests.test_rag_reflex_alignment_batch11" name="test_history_metrics_are_exposed_in_debug_response" time="0.001" /><testcase classname="tests.test_rag_reflex_alignment_batch10" name="test_generation_failure_fallback_is_enabled_by_default" time="0.001" /><testcase classname="tests.test_rag_reflex_alignment_batch10" name="test_transport_failure_returns_structured_fallback_and_preserves_sources" time="0.011" /><testcase classname="tests.test_rag_reflex_alignment_batch10" name="test_empty_generation_fallback_does_not_expose_thinking_or_raw_error" time="0.009" /><testcase classname="tests.test_rag_reflex_alignment_batch10" name="test_generation_fallback_uses_local_warn_evaluation_without_judge" time="0.010" /><testcase classname="tests.test_rag_reflex_alignment_batch10" name="test_generation_failure_can_still_be_configured_as_http_error" time="0.008" /><testcase classname="tests.test_rag_reflex_alignment_batch9" name="test_deterministic_eval_result_is_explicit_pass_not_disabled" time="0.001" /><testcase classname="tests.test_rag_reflex_alignment_batch9" name="test_math_direct_bypasses_judge_and_cannot_be_strict_blocked" time="0.008" /><testcase classname="tests.test_rag_reflex_alignment_batch9" name="test_no_sources_fallback_bypasses_judge_and_is_marked_deterministic" time="0.006" /><testcase classname="tests.test_rag_reflex_alignment_batch9" name="test_generated_rag_answer_still_uses_llm_judge" time="0.009" /><testcase classname="tests.test_rag_reflex_alignment_batch9" name="test_disabled_evaluation_does_not_call_judge_for_deterministic_branch" time="0.006" /><testcase classname="tests.test_rag_reflex_alignment_batch8" name="test_unretrieved_filename_reference_is_removed_but_retrieved_filename_is_kept" time="0.002" /><testcase classname="tests.test_rag_reflex_alignment_batch8" name="test_sources_section_rebuild_avoids_false_missing_citation_warning" time="0.001" /><testcase classname="tests.test_rag_reflex_alignment_batch8" name="test_missing_citation_warning_remains_when_rebuild_is_disabled" time="0.001" /><testcase classname="tests.test_rag_reflex_alignment_batch8" name="test_source_filename_is_single_line_and_markdown_safe" time="0.001" /><testcase classname="tests.test_rag_reflex_alignment_batch8" name="test_synthetic_graph_source_has_explicit_structural_provenance" time="0.001" /><testcase classname="tests.test_rag_reflex_alignment_batch8" name="test_final_answer_truncation_preserves_complete_table_and_formula_lines" time="0.003" /><testcase classname="tests.test_rag_reflex_alignment_batch7" name="test_formula_intent_prioritizes_formula_source_before_ranked_text" time="0.001" /><testcase classname="tests.test_rag_reflex_alignment_batch7" name="test_prompt_builder_propagates_intent_priority_to_context_selection" time="0.001" /><testcase classname="tests.test_rag_reflex_alignment_batch7" name="test_audit_context_prioritizes_tier_c_evidence_under_tight_budget" time="0.001" /><testcase classname="tests.test_rag_reflex_alignment_batch7" name="test_merged_formula_tail_is_preserved_without_cutting_formula_lines" time="0.001" /><testcase classname="tests.test_rag_reflex_alignment_batch7" name="test_markdown_table_truncation_keeps_header_separator_and_complete_rows" time="0.001" /><testcase classname="tests.test_rag_reflex_alignment_batch7" name="test_prompt_source_provenance_envelope_is_complete_when_body_is_truncated" time="0.001" /><testcase classname="tests.test_rag_reflex_alignment_batch6" name="test_prompt_context_tracks_stable_dedupe_keys" time="0.001" /><testcase classname="tests.test_rag_reflex_alignment_batch6" name="test_prompt_source_selection_uses_dedupe_key_and_prompt_order" time="0.001" /><testcase classname="tests.test_rag_reflex_alignment_batch6" name="test_generated_response_exposes_only_sources_actually_sent_to_llm" time="0.009" /><testcase classname="tests.test_rag_reflex_alignment_batch6" name="test_evaluation_receives_prompt_sources_not_full_retrieval" time="0.007" /><testcase classname="tests.test_rag_reflex_alignment_batch5" name="test_final_dedupe_merges_text_and_formula_for_same_chunk" time="0.001" /><testcase classname="tests.test_rag_reflex_alignment_batch5" name="test_final_dedupe_unions_graph_context_without_duplicates" time="0.001" /><testcase classname="tests.test_rag_reflex_alignment_batch5" name="test_final_dedupe_preserves_postgres_provenance_and_stricter_classification" time="0.001" /><testcase classname="tests.test_rag_reflex_alignment_batch5" name="test_final_dedupe_does_not_collapse_distinct_generic_graph_rows" time="0.001" /><testcase classname="tests.test_rag_reflex_alignment_batch5" name="test_final_dedupe_identity_is_bound_to_tenant_scope" time="0.001" /><testcase classname="tests.test_rag_reflex_alignment_batch5" name="test_final_dedupe_is_idempotent_and_preserves_first_ranking_position" time="0.001" /><testcase classname="tests.test_retrieval_reflex_alignment_batch4" name="test_merge_same_chunk_preserves_all_distinct_graph_formulas_and_keys" time="0.003" /><testcase classname="tests.test_retrieval_reflex_alignment_batch4" name="test_merge_formula_is_idempotent_for_duplicate_neo4j_rows" time="0.001" /><testcase classname="tests.test_retrieval_reflex_alignment_batch4" name="test_postgres_canonical_enrichment_does_not_erase_direct_graph_formula" time="0.001" /><testcase classname="tests.test_retrieval_reflex_alignment_batch4" name="test_final_source_materialization_preserves_postgres_provenance_fields" time="0.001" /><testcase classname="tests.test_retrieval_reflex_alignment_batch4" name="test_full_retrieval_merge_keeps_formula_and_canonical_provenance" time="0.006" /><testcase classname="tests.test_retrieval_reflex_alignment_batch3" name="test_qdrant_filter_pushes_page_scope_into_payload_filter" time="1.241" /><testcase classname="tests.test_retrieval_reflex_alignment_batch3" name="test_postgres_bm25_and_exact_phrase_push_page_scope_before_limit" time="0.001" /><testcase classname="tests.test_retrieval_reflex_alignment_batch3" name="test_postgres_document_scope_has_exact_provenance_projection_and_page_pushdown" time="0.001" /><testcase classname="tests.test_retrieval_reflex_alignment_batch3" name="test_neo4j_direct_search_pushes_document_and_page_scope_before_limit[_search_neo4j_entities-Mostra le entit\xe0 incident response]" time="0.001" /><testcase classname="tests.test_retrieval_reflex_alignment_batch3" name="test_neo4j_direct_search_pushes_document_and_page_scope_before_limit[_search_neo4j_formulas-Elenca le formule di rischio]" time="0.001" /><testcase classname="tests.test_retrieval_reflex_alignment_batch3" name="test_neo4j_direct_search_pushes_document_and_page_scope_before_limit[_search_neo4j_relations-Mostra le relazioni tra rischio e controllo]" time="0.001" /><testcase classname="tests.test_retrieval_reflex_alignment_batch3" name="test_neighbor_search_pushes_scope_on_c2_before_limit" time="0.001" /><testcase classname="tests.test_retrieval_reflex_alignment_batch3" name="test_graph_expansion_uses_only_document_and_page_scoped_seeds" time="0.009" /><testcase classname="tests.test_retrieval_reflex_alignment_batch2" name="test_postgres_document_scope_select_has_aligned_provenance_columns" time="0.001" /><testcase classname="tests.test_retrieval_reflex_alignment_batch2" name="test_formula_metric_query_expands_notification_threshold_aliases" time="0.001" /><testcase classname="tests.test_retrieval_reflex_alignment_batch2" name="test_non_formula_query_is_not_expanded_with_threshold_aliases" time="0.000" /><testcase classname="tests.test_retrieval_reflex_alignment_batch2" name="test_neo4j_formula_document_scope_is_applied_inside_query_before_limit" time="0.001" /><testcase classname="tests.test_retrieval_reflex_alignment_batch2" name="test_retrieval_debug_reports_document_scope_hits" time="0.005" /><testcase classname="tests.test_rag_reflex_alignment" name="test_unquoted_document_filename_is_extracted_without_sentence_prefix" time="0.001" /><testcase classname="tests.test_rag_reflex_alignment" name="test_quoted_document_filename_is_extracted" time="0.002" /><testcase classname="tests.test_rag_reflex_alignment" name="test_explicit_target_document_has_priority_over_query_inference" time="0.002" /><testcase classname="tests.test_rag_reflex_alignment" name="test_single_weak_checklist_concept_does_not_enable_strict_checklist[Descrivi il controllo documentale.]" time="0.002" /><testcase classname="tests.test_rag_reflex_alignment" name="test_single_weak_checklist_concept_does_not_enable_strict_checklist[Spiega la relazione tra rischio e controllo.]" time="0.002" /><testcase classname="tests.test_rag_reflex_alignment" name="test_single_weak_checklist_concept_does_not_enable_strict_checklist[Describe the access control objective.]" time="0.001" /><testcase classname="tests.test_rag_reflex_alignment" name="test_two_distinct_checklist_concepts_enable_strict_checklist[Elenca i controlli e le evidenze richieste.]" time="0.001" /><testcase classname="tests.test_rag_reflex_alignment" name="test_two_distinct_checklist_concepts_enable_strict_checklist[List the controls and evidence required for the audit.]" time="0.001" /><testcase classname="tests.test_rag_reflex_alignment" name="test_chart_intent_uses_the_same_general_vocabulary_as_reflex[Mostra un grafico del rischio.]" time="0.001" /><testcase classname="tests.test_rag_reflex_alignment" name="test_chart_intent_uses_the_same_general_vocabulary_as_reflex[Disegna un diagramma del processo.]" time="0.001" /><testcase classname="tests.test_rag_reflex_alignment" name="test_chart_intent_uses_the_same_general_vocabulary_as_reflex[Crea un flowchart della procedura.]" time="0.001" /><testcase classname="tests.test_rag_reflex_alignment" name="test_chart_intent_uses_the_same_general_vocabulary_as_reflex[Descrivi l'architettura del sistema.]" time="0.001" /><testcase classname="tests.test_rag_reflex_alignment" name="test_operational_calculation_remains_math_direct_not_formula_lookup" time="0.002" /><testcase classname="tests.test_rag_reflex_alignment" name="test_explicit_neo4j_relation_query_remains_graph_strict" time="0.002" /><testcase classname="tests.test_rag_reflex_alignment" name="test_explanatory_relation_query_does_not_force_graph_strict" time="0.002" /><testcase classname="tests.test_rag_reflex_alignment" name="test_page_range_matches_reflex_behavior" time="0.001" /><testcase classname="tests.test_retrieval_simulated" name="test_qdrant_search_filters_foreign_tenant" time="0.001" /><testcase classname="tests.test_retrieval_simulated" name="test_retrieval_uses_explicit_qdrant_limit" time="0.005" /><testcase classname="tests.test_retrieval_simulated" name="test_retrieval_merges_same_candidate_from_qdrant_and_postgres" time="0.006" /><testcase classname="tests.test_retrieval_simulated" name="test_retrieval_applies_document_and_page_scope" time="0.005" /><testcase classname="tests.test_retrieval_simulated" name="test_retrieval_degrades_when_one_backend_fails" time="0.007" /><testcase classname="tests.test_retrieval_simulated" name="test_retrieval_raises_when_all_attempted_backends_fail" time="0.006" /><testcase classname="tests.test_rag_service_simulated" name="test_math_direct_bypasses_retrieval_and_generation" time="0.005" /><testcase classname="tests.test_rag_service_simulated" name="test_math_with_document_context_bypasses_generation" time="0.009" /><testcase classname="tests.test_rag_service_simulated" name="test_documental_query_runs_retrieval_generation_validation_and_audit" time="0.008" /><testcase classname="tests.test_rag_service_simulated" name="test_no_sources_returns_safe_fallback_without_llm" time="0.004" /><testcase classname="tests.test_rag_service_simulated" name="test_generation_error_is_wrapped_and_failed_request_is_audited" time="0.008" /><testcase classname="tests.test_rag_service_simulated" name="test_foreign_candidate_is_rejected_by_service_guard" time="0.004" /><testcase classname="tests.test_rag_service_simulated" name="test_graph_relation_strict_bypasses_generation" time="0.012" /><testcase classname="tests.test_rag_service_simulated" name="test_graph_relation_strict_exposes_only_sources_used_in_answer" time="0.009" /><testcase classname="tests.test_rag_service_simulated" name="test_formula_strict_bypasses_generation" time="0.022" /><testcase classname="tests.test_rag_service_simulated" name="test_formula_strict_exposes_only_sources_used_in_answer" time="0.017" /><testcase classname="tests.test_rag_service_simulated" name="test_english_follow_up_terms_are_not_concatenated" time="0.005" /><testcase classname="tests.test_rag_service_simulated" name="test_graph_strict_ignores_corrupted_travers4j_term" time="0.004" /><testcase classname="tests.test_validation" name="test_structure_is_repaired_and_sources_are_rebuilt" time="0.001" /><testcase classname="tests.test_validation" name="test_internal_metadata_and_external_url_are_removed" time="0.001" /><testcase classname="tests.test_validation" name="test_cross_tenant_source_blocks_response" time="0.001" /><testcase classname="tests.test_validation" name="test_requested_document_not_found_returns_safe_fallback" time="0.001" /><testcase classname="tests.test_validation" name="test_evidence_relevance_table_is_repaired" time="0.002" /><testcase classname="tests.test_validation" name="test_formula_mode_requires_visible_formula" time="0.002" /><testcase classname="tests.test_reranking" name="test_rrf_combines_vector_bm25_and_graph_rankings" time="0.001" /><testcase classname="tests.test_reranking" name="test_tier_policy_applies_expected_delta" time="0.001" /><testcase classname="tests.test_reranking" name="test_diversification_limits_same_page_and_document" time="0.001" /><testcase classname="tests.test_reranking" name="test_engine_uses_cross_encoder_and_does_not_mutate_inputs" time="0.001" /><testcase classname="tests.test_reranking" name="test_engine_falls_back_when_reranker_is_missing" time="0.001" /><testcase classname="tests.test_models" name="test_source_item_normalizes_type_status_and_has_stable_excerpt" time="0.001" /><testcase classname="tests.test_models" name="test_source_item_rejects_invalid_tenant_provenance[kwargs0]" time="0.001" /><testcase classname="tests.test_models" name="test_source_item_rejects_invalid_tenant_provenance[kwargs1]" time="0.001" /><testcase classname="tests.test_models" name="test_source_item_rejects_invalid_tenant_provenance[kwargs2]" time="0.001" /><testcase classname="tests.test_models" name="test_retrieval_candidate_uses_most_advanced_score_and_converts" time="0.001" /><testcase classname="tests.test_models" name="test_score_stats_calculates_min_max_average" time="0.000" /><testcase classname="tests.test_models" name="test_audit_trail_hashes_query_and_does_not_persist_plain_text" time="0.001" /><testcase classname="tests.test_models" name="test_eval_result_resolves_verdict_and_factory_methods" time="0.001" /><testcase classname="tests.test_models" name="test_service_result_aligns_retrieval_metrics_and_deduplicates_warnings" time="0.001" /><testcase classname="tests.test_prompting" name="test_history_ignores_system_collapses_roles_and_removes_current_query" time="0.001" /><testcase classname="tests.test_prompting" name="test_tier_context_filters_foreign_sources" time="0.001" /><testcase classname="tests.test_prompting" name="test_requested_document_limits_prompt_context" time="0.001" /><testcase classname="tests.test_prompting" name="test_prompt_builder_builds_tenant_safe_evidence_relevance_prompt" time="0.002" /><testcase classname="tests.test_prompting" name="test_prompt_builder_uses_audit_specific_mode_instructions" time="0.002" /><testcase classname="tests.test_prompting" name="test_prompt_builder_keeps_knowledge_mode_non_audit_guardrail" time="0.001" /><testcase classname="tests.test_prompting" name="test_prompt_rejects_document_path" time="0.001" /><testcase classname="tests.test_prompting" name="test_tier_context_preserves_substantial_source_body" time="0.001" /><testcase classname="tests.test_prompting" name="test_tier_context_skips_oversized_source_and_keeps_later_source" time="0.001" /><testcase classname="tests.test_generation_simulated" name="test_generation_success_builds_native_chat_payload" time="0.001" /><testcase classname="tests.test_generation_simulated" name="test_empty_content_retries_and_never_uses_thinking" time="0.001" /><testcase classname="tests.test_generation_simulated" name="test_empty_content_without_retry_raises" time="0.001" /><testcase classname="tests.test_generation_simulated" name="test_transient_http_error_retries" time="0.001" /><testcase classname="tests.test_generation_simulated" name="test_non_retryable_http_error_does_not_retry" time="0.001" /><testcase classname="tests.test_generation_simulated" name="test_invalid_json_is_protocol_error" time="0.001" /><testcase classname="tests.test_generation_simulated" name="test_transport_timeout_is_retryable_and_eventually_raises" time="0.001" /><testcase classname="tests.test_generation_simulated" name="test_generate_async_uses_same_contract" time="0.005" /><testcase classname="tests.test_routes_rag_simulated" name="test_query_endpoint_maps_request_and_response" time="0.014" /><testcase classname="tests.test_routes_rag_simulated" name="test_query_validation_error_uses_uniform_contract" time="0.015" /><testcase classname="tests.test_routes_rag_simulated" name="test_service_error_is_mapped_to_safe_http_error" time="0.017" /><testcase classname="tests.test_routes_rag_simulated" name="test_liveness_is_always_ok" time="0.018" /><testcase classname="tests.test_routes_rag_simulated" name="test_readiness_uses_simulated_snapshot" time="0.021" /><testcase classname="tests.test_resources_simulated" name="test_resource_manager_initializes_atomically_ready" time="0.001" /><testcase classname="tests.test_resources_simulated" name="test_resource_manager_degrades_when_optional_neo4j_fails" time="0.001" /><testcase classname="tests.test_resources_simulated" name="test_resource_manager_strict_neo4j_failure_fails_startup" time="3.070" /><testcase classname="tests.test_resources_simulated" name="test_postgres_connection_sets_and_resets_tenant_gucs" time="0.002" /><testcase classname="tests.test_resources_simulated" name="test_health_snapshot_deep_uses_simulated_probes" time="0.001" /><testcase classname="tests.test_resources_simulated" name="test_close_is_idempotent" time="0.347" /><testcase classname="tests.test_batch13_e2e_support" name="test_real_service_runner_resolves_project_root" time="0.002" /><testcase classname="tests.test_batch13_e2e_support" name="test_batch13_manifest_contains_unit_and_real_closure_tests" time="0.001" /><testcase classname="tests.test_batch13_e2e_support" name="test_parse_junit_xml_sums_multiple_suites" time="0.014" /><testcase classname="tests.test_batch13_e2e_support" name="test_safe_environment_snapshot_never_records_secrets" time="0.001" /><testcase classname="tests.test_batch13_e2e_support" name="test_batch13_report_is_written_and_sanitized" time="0.064" /><testcase classname="tests.integration.test_postgres_real" name="test_postgres_ping_and_identity" time="0.121" /><testcase classname="tests.integration.test_postgres_real" name="test_postgres_required_schema_rls_and_policies" time="0.065" /><testcase classname="tests.integration.test_postgres_real" name="test_postgres_tenant_guc_roundtrip" time="0.009" /><testcase classname="tests.integration.test_postgres_real" name="test_postgres_active_data_respects_tier_scope_invariants" time="0.044" /><testcase classname="tests.integration.test_qdrant_real" name="test_qdrant_collection_exists_and_is_green" time="0.611" /><testcase classname="tests.integration.test_qdrant_real" name="test_qdrant_visible_payloads_respect_tenant_policy" time="0.017" /><testcase classname="tests.integration.test_qdrant_real" name="test_qdrant_real_vector_query_returns_visible_points" time="0.059" /><testcase classname="tests.integration.test_neo4j_real" name="test_neo4j_ping_and_server_info" time="0.854" /><testcase classname="tests.integration.test_neo4j_real" name="test_neo4j_expected_graph_content" time="0.032" /><testcase classname="tests.integration.test_neo4j_real" name="test_neo4j_active_chunks_respect_tenant_invariants" time="0.027" /><testcase classname="tests.integration.test_neo4j_real" name="test_neo4j_active_relationship_types_are_whitelisted" time="0.048"><failure message="AssertionError: Relazioni active fuori whitelist: count=11, types=['IMPLEMENTES', 'CONNECTS_TO', 'HAS_ACCESS_TO']&#10;assert 11 == 0">neo4j_driver = &lt;neo4j._sync.driver.BoltDriver object at 0x00000274756E7E10&gt;
integration_settings = RagSettings(poc_mode=True, poc_organization_id=1234, default_user_id='service-user', default_user_roles=('user',), all...on_min_answer_relevance=0.7, evaluation_strict_block=False, evaluation_temperature=0.0, evaluation_repeat_penalty=1.05)

    def test_neo4j_active_relationship_types_are_whitelisted(
        neo4j_driver: Any,
        integration_settings: RagSettings,
    ) -&gt; None:
        with neo4j_driver.session() as session:
            row = session.run(
                """
                MATCH (:Entity)-[r]-&gt;(:Entity)
                WHERE toLower(coalesce(r.status, 'active')) = 'active'
                  AND NOT type(r) IN $allowed
                RETURN count(r) AS invalid_count,
                       collect(DISTINCT type(r))[0..20] AS invalid_types
                """,
                allowed=list(integration_settings.neo4j_allowed_relationships),
            ).single()
    
        invalid_count = int(row["invalid_count"] or 0)
        invalid_types = list(row["invalid_types"] or [])
&gt;       assert invalid_count == 0, (
            f"Relazioni active fuori whitelist: count={invalid_count}, types={invalid_types}"
        )
E       AssertionError: Relazioni active fuori whitelist: count=11, types=['IMPLEMENTES', 'CONNECTS_TO', 'HAS_ACCESS_TO']
E       assert 11 == 0

tests\integration\test_neo4j_real.py:137: AssertionError</failure></testcase><testcase classname="tests.integration.test_ollama_real" name="test_ollama_tags_contains_configured_model" time="0.120" /><testcase classname="tests.integration.test_ollama_real" name="test_ollama_native_chat_returns_non_empty_content" time="11.615" /><testcase classname="tests.integration.test_organization_isolation_real" name="test_postgres_visibility_shares_tier_a_and_excludes_foreign_tier_bc" time="0.153" /><testcase classname="tests.integration.test_organization_isolation_real" name="test_qdrant_filter_shares_tier_a_and_excludes_foreign_tier_bc" time="0.763" /><testcase classname="tests.integration.test_organization_isolation_real" name="test_neo4j_visibility_shares_tier_a_and_excludes_foreign_tier_bc" time="0.072" /><testcase classname="tests.integration.test_rag_api_e2e_real" name="test_live_endpoint_and_security_headers" time="0.018" /><testcase classname="tests.integration.test_rag_api_e2e_real" name="test_deep_readiness_reports_real_dependencies" time="0.120" /><testcase classname="tests.integration.test_rag_api_e2e_real" name="test_deterministic_math_route_is_end_to_end_and_model_free" time="300.011"><failure message="requests.exceptions.ReadTimeout: HTTPConnectionPool(host='127.0.0.1', port=8013): Read timed out. (read timeout=300)">self = &lt;urllib3.connectionpool.HTTPConnectionPool object at 0x0000027477A764D0&gt;
conn = &lt;HTTPConnection(host='127.0.0.1', port=8013) at 0x27477a760d0&gt;, method = 'POST', url = '/api/v1/rag/query'
body = b'{"query": "Una checklist di 20 controlli contiene 12 controlli implementati e 4 controlli parziali che valgono il 50...batch13-math", "history": [], "options": {"include_sources": true, "include_debug": true, "include_evaluation": true}}'
headers = {'User-Agent': 'rag-api-batch13-e2e/1.0', 'Accept-Encoding': 'gzip, deflate', 'Accept': 'application/json', 'Connectio...', 'Content-Type': 'application/json', 'X-Request-ID': '50d45034-df0b-4689-b98c-92bd8c985698', 'Content-Length': '293'}
retries = Retry(total=0, connect=None, read=False, redirect=None, status=None), timeout = Timeout(connect=10, read=300, total=None)
chunked = False, response_conn = &lt;HTTPConnection(host='127.0.0.1', port=8013) at 0x27477a760d0&gt;, preload_content = False
decode_content = False, enforce_content_length = True

    def _make_request(
        self,
        conn: BaseHTTPConnection,
        method: str,
        url: str,
        body: _TYPE_BODY | None = None,
        headers: typing.Mapping[str, str] | None = None,
        retries: Retry | None = None,
        timeout: _TYPE_TIMEOUT = _DEFAULT_TIMEOUT,
        chunked: bool = False,
        response_conn: BaseHTTPConnection | None = None,
        preload_content: bool = True,
        decode_content: bool = True,
        enforce_content_length: bool = True,
    ) -&gt; BaseHTTPResponse:
        """
        Perform a request on a given urllib connection object taken from our
        pool.
    
        :param conn:
            a connection from one of our connection pools
    
        :param method:
            HTTP request method (such as GET, POST, PUT, etc.)
    
        :param url:
            The URL to perform the request on.
    
        :param body:
            Data to send in the request body, either :class:`str`, :class:`bytes`,
            an iterable of :class:`str`/:class:`bytes`, or a file-like object.
    
        :param headers:
            Dictionary of custom headers to send, such as User-Agent,
            If-None-Match, etc. If None, pool headers are used. If provided,
            these headers completely replace any pool-specific headers.
    
        :param retries:
            Configure the number of retries to allow before raising a
            :class:`~urllib3.exceptions.MaxRetryError` exception.
    
            Pass ``None`` to retry until you receive a response. Pass a
            :class:`~urllib3.util.retry.Retry` object for fine-grained control
            over different types of retries.
            Pass an integer number to retry connection errors that many times,
            but no other types of errors. Pass zero to never retry.
    
            If ``False``, then retries are disabled and any exception is raised
            immediately. Also, instead of raising a MaxRetryError on redirects,
            the redirect response will be returned.
    
        :type retries: :class:`~urllib3.util.retry.Retry`, False, or an int.
    
        :param timeout:
            If specified, overrides the default timeout for this one
            request. It may be a float (in seconds) or an instance of
            :class:`urllib3.util.Timeout`.
    
        :param chunked:
            If True, urllib3 will send the body using chunked transfer
            encoding. Otherwise, urllib3 will send the body using the standard
            content-length form. Defaults to False.
    
        :param response_conn:
            Set this to ``None`` if you will handle releasing the connection or
            set the connection to have the response release it.
    
        :param preload_content:
          If True, the response's body will be preloaded during construction.
    
        :param decode_content:
            If True, will attempt to decode the body based on the
            'content-encoding' header.
    
        :param enforce_content_length:
            Enforce content length checking. Body returned by server must match
            value of Content-Length header, if present. Otherwise, raise error.
        """
        self.num_requests += 1
    
        timeout_obj = self._get_timeout(timeout)
        timeout_obj.start_connect()
        conn.timeout = Timeout.resolve_default_timeout(timeout_obj.connect_timeout)
    
        try:
            # Trigger any extra validation we need to do.
            try:
                self._validate_conn(conn)
            except (SocketTimeout, BaseSSLError) as e:
                self._raise_timeout(err=e, url=url, timeout_value=conn.timeout)
                raise
    
        # _validate_conn() starts the connection to an HTTPS proxy
        # so we need to wrap errors with 'ProxyError' here too.
        except (
            OSError,
            NewConnectionError,
            TimeoutError,
            BaseSSLError,
            CertificateError,
            SSLError,
        ) as e:
            new_e: Exception = e
            if isinstance(e, (BaseSSLError, CertificateError)):
                new_e = SSLError(e)
            # If the connection didn't successfully connect to it's proxy
            # then there
            if isinstance(
                new_e, (OSError, NewConnectionError, TimeoutError, SSLError)
            ) and (conn and conn.proxy and not conn.has_connected_to_proxy):
                new_e = _wrap_proxy_error(new_e, conn.proxy.scheme)
            raise new_e
    
        # conn.request() calls http.client.*.request, not the method in
        # urllib3.request. It also calls makefile (recv) on the socket.
        try:
            conn.request(
                method,
                url,
                body=body,
                headers=headers,
                chunked=chunked,
                preload_content=preload_content,
                decode_content=decode_content,
                enforce_content_length=enforce_content_length,
            )
    
        # We are swallowing BrokenPipeError (errno.EPIPE) since the server is
        # legitimately able to close the connection after sending a valid response.
        # With this behaviour, the received response is still readable.
        except BrokenPipeError:
            pass
        except OSError as e:
            # MacOS/Linux
            # EPROTOTYPE and ECONNRESET are needed on macOS
            # https://erickt.github.io/blog/2014/11/19/adventures-in-debugging-a-potential-osx-kernel-bug/
            # Condition changed later to emit ECONNRESET instead of only EPROTOTYPE.
            if e.errno != errno.EPROTOTYPE and e.errno != errno.ECONNRESET:
                raise
    
        # Reset the timeout for the recv() on the socket
        read_timeout = timeout_obj.read_timeout
    
        if not conn.is_closed:
            # In Python 3 socket.py will catch EAGAIN and return None when you
            # try and read into the file pointer created by http.client, which
            # instead raises a BadStatusLine exception. Instead of catching
            # the exception and assuming all BadStatusLine exceptions are read
            # timeouts, check for a zero timeout before making the request.
            if read_timeout == 0:
                raise ReadTimeoutError(
                    self, url, f"Read timed out. (read timeout={read_timeout})"
                )
            conn.timeout = read_timeout
    
        # Receive the response from the server
        try:
&gt;           response = conn.getresponse()
                       ^^^^^^^^^^^^^^^^^^

..\venv\Lib\site-packages\urllib3\connectionpool.py:534: 
_ _ _ _ _ _ _ _ _ _ _ _ _ _ _ _ _ _ _ _ _ _ _ _ _ _ _ _ _ _ _ _ _ _ _ _ _ _ _ _ _ _ _ _ _ _ _ _ _ _ _ _ _ _ _ _ _ _ _ _ _ _ _ _ _ 
..\venv\Lib\site-packages\urllib3\connection.py:571: in getresponse
    httplib_response = super().getresponse()
                       ^^^^^^^^^^^^^^^^^^^^^
C:\python311\Lib\http\client.py:1395: in getresponse
    response.begin()
C:\python311\Lib\http\client.py:325: in begin
    version, status, reason = self._read_status()
                              ^^^^^^^^^^^^^^^^^^^
C:\python311\Lib\http\client.py:286: in _read_status
    line = str(self.fp.readline(_MAXLINE + 1), "iso-8859-1")
               ^^^^^^^^^^^^^^^^^^^^^^^^^^^^^^
_ _ _ _ _ _ _ _ _ _ _ _ _ _ _ _ _ _ _ _ _ _ _ _ _ _ _ _ _ _ _ _ _ _ _ _ _ _ _ _ _ _ _ _ _ _ _ _ _ _ _ _ _ _ _ _ _ _ _ _ _ _ _ _ _ 

self = &lt;socket.SocketIO object at 0x00000274779EBD60&gt;, b = &lt;memory at 0x00000274778C5F00&gt;

    def readinto(self, b):
        """Read up to len(b) bytes into the writable buffer *b* and return
        the number of bytes read.  If the socket is non-blocking and no bytes
        are available, None is returned.
    
        If *b* is non-empty, a 0 return value indicates that the connection
        was shutdown at the other end.
        """
        self._checkClosed()
        self._checkReadable()
        if self._timeout_occurred:
            raise OSError("cannot read from timed out object")
        while True:
            try:
&gt;               return self._sock.recv_into(b)
                       ^^^^^^^^^^^^^^^^^^^^^^^
E               TimeoutError: timed out

C:\python311\Lib\socket.py:706: TimeoutError

The above exception was the direct cause of the following exception:

self = &lt;requests.adapters.HTTPAdapter object at 0x0000027477A77550&gt;, request = &lt;PreparedRequest [POST]&gt;, stream = False
timeout = Timeout(connect=10, read=300, total=None), verify = 'C:\\python311\\Lib\\site-packages\\certifi\\cacert.pem', cert = None
proxies = OrderedDict()

    def send(
        self, request, stream=False, timeout=None, verify=True, cert=None, proxies=None
    ):
        """Sends PreparedRequest object. Returns Response object.
    
        :param request: The :class:`PreparedRequest &lt;PreparedRequest&gt;` being sent.
        :param stream: (optional) Whether to stream the request content.
        :param timeout: (optional) How long to wait for the server to send
            data before giving up, as a float, or a :ref:`(connect timeout,
            read timeout) &lt;timeouts&gt;` tuple.
        :type timeout: float or tuple or urllib3 Timeout object
        :param verify: (optional) Either a boolean, in which case it controls whether
            we verify the server's TLS certificate, or a string, in which case it
            must be a path to a CA bundle to use
        :param cert: (optional) Any user-provided SSL certificate to be trusted.
        :param proxies: (optional) The proxies dictionary to apply to the request.
        :rtype: requests.Response
        """
    
        try:
            conn = self.get_connection_with_tls_context(
                request, verify, proxies=proxies, cert=cert
            )
        except LocationValueError as e:
            raise InvalidURL(e, request=request)
    
        self.cert_verify(conn, request.url, verify, cert)
        url = self.request_url(request, proxies)
        self.add_headers(
            request,
            stream=stream,
            timeout=timeout,
            verify=verify,
            cert=cert,
            proxies=proxies,
        )
    
        chunked = not (request.body is None or "Content-Length" in request.headers)
    
        if isinstance(timeout, tuple):
            try:
                connect, read = timeout
                timeout = TimeoutSauce(connect=connect, read=read)
            except ValueError:
                raise ValueError(
                    f"Invalid timeout {timeout}. Pass a (connect, read) timeout tuple, "
                    f"or a single float to set both timeouts to the same value."
                )
        elif isinstance(timeout, TimeoutSauce):
            pass
        else:
            timeout = TimeoutSauce(connect=timeout, read=timeout)
    
        try:
&gt;           resp = conn.urlopen(
                method=request.method,
                url=url,
                body=request.body,
                headers=request.headers,
                redirect=False,
                assert_same_host=False,
                preload_content=False,
                decode_content=False,
                retries=self.max_retries,
                timeout=timeout,
                chunked=chunked,
            )

..\venv\Lib\site-packages\requests\adapters.py:645: 
_ _ _ _ _ _ _ _ _ _ _ _ _ _ _ _ _ _ _ _ _ _ _ _ _ _ _ _ _ _ _ _ _ _ _ _ _ _ _ _ _ _ _ _ _ _ _ _ _ _ _ _ _ _ _ _ _ _ _ _ _ _ _ _ _ 
..\venv\Lib\site-packages\urllib3\connectionpool.py:841: in urlopen
    retries = retries.increment(
..\venv\Lib\site-packages\urllib3\util\retry.py:490: in increment
    raise reraise(type(error), error, _stacktrace)
          ^^^^^^^^^^^^^^^^^^^^^^^^^^^^^^^^^^^^^^^^
..\venv\Lib\site-packages\urllib3\util\util.py:39: in reraise
    raise value
..\venv\Lib\site-packages\urllib3\connectionpool.py:787: in urlopen
    response = self._make_request(
..\venv\Lib\site-packages\urllib3\connectionpool.py:536: in _make_request
    self._raise_timeout(err=e, url=url, timeout_value=read_timeout)
_ _ _ _ _ _ _ _ _ _ _ _ _ _ _ _ _ _ _ _ _ _ _ _ _ _ _ _ _ _ _ _ _ _ _ _ _ _ _ _ _ _ _ _ _ _ _ _ _ _ _ _ _ _ _ _ _ _ _ _ _ _ _ _ _ 

self = &lt;urllib3.connectionpool.HTTPConnectionPool object at 0x0000027477A764D0&gt;, err = TimeoutError('timed out')
url = '/api/v1/rag/query', timeout_value = 300

    def _raise_timeout(
        self,
        err: BaseSSLError | OSError | SocketTimeout,
        url: str,
        timeout_value: _TYPE_TIMEOUT | None,
    ) -&gt; None:
        """Is the error actually a timeout? Will raise a ReadTimeout or pass"""
    
        if isinstance(err, SocketTimeout):
&gt;           raise ReadTimeoutError(
                self, url, f"Read timed out. (read timeout={timeout_value})"
            ) from err
E           urllib3.exceptions.ReadTimeoutError: HTTPConnectionPool(host='127.0.0.1', port=8013): Read timed out. (read timeout=300)

..\venv\Lib\site-packages\urllib3\connectionpool.py:367: ReadTimeoutError

During handling of the above exception, another exception occurred:

api_session = &lt;requests.sessions.Session object at 0x0000027477A77A50&gt;, api_base_url = 'http://127.0.0.1:8013'
service_timeout_seconds = 300

    def test_deterministic_math_route_is_end_to_end_and_model_free(
        api_session: Any,
        api_base_url: str,
        service_timeout_seconds: int,
    ) -&gt; None:
&gt;       response = _post_query(
            api_session,
            api_base_url,
            {
                "query": (
                    "Una checklist di 20 controlli contiene 12 controlli implementati e "
                    "4 controlli parziali che valgono il 50%. Calcola la copertura complessiva."
                ),
                "conversation_id": "batch13-math",
                "history": [],
                "options": {
                    "include_sources": True,
                    "include_debug": True,
                    "include_evaluation": True,
                },
            },
            service_timeout_seconds,
        )

tests\integration\test_rag_api_e2e_real.py:225: 
_ _ _ _ _ _ _ _ _ _ _ _ _ _ _ _ _ _ _ _ _ _ _ _ _ _ _ _ _ _ _ _ _ _ _ _ _ _ _ _ _ _ _ _ _ _ _ _ _ _ _ _ _ _ _ _ _ _ _ _ _ _ _ _ _ 
tests\integration\test_rag_api_e2e_real.py:165: in _post_query
    return session.post(
..\venv\Lib\site-packages\requests\sessions.py:640: in post
    return self.request("POST", url, data=data, json=json, **kwargs)
           ^^^^^^^^^^^^^^^^^^^^^^^^^^^^^^^^^^^^^^^^^^^^^^^^^^^^^^^^^
..\venv\Lib\site-packages\requests\sessions.py:592: in request
    resp = self.send(prep, **send_kwargs)
           ^^^^^^^^^^^^^^^^^^^^^^^^^^^^^^
..\venv\Lib\site-packages\requests\sessions.py:706: in send
    r = adapter.send(request, **kwargs)
        ^^^^^^^^^^^^^^^^^^^^^^^^^^^^^^^
_ _ _ _ _ _ _ _ _ _ _ _ _ _ _ _ _ _ _ _ _ _ _ _ _ _ _ _ _ _ _ _ _ _ _ _ _ _ _ _ _ _ _ _ _ _ _ _ _ _ _ _ _ _ _ _ _ _ _ _ _ _ _ _ _ 

self = &lt;requests.adapters.HTTPAdapter object at 0x0000027477A77550&gt;, request = &lt;PreparedRequest [POST]&gt;, stream = False
timeout = Timeout(connect=10, read=300, total=None), verify = 'C:\\python311\\Lib\\site-packages\\certifi\\cacert.pem', cert = None
proxies = OrderedDict()

    def send(
        self, request, stream=False, timeout=None, verify=True, cert=None, proxies=None
    ):
        """Sends PreparedRequest object. Returns Response object.
    
        :param request: The :class:`PreparedRequest &lt;PreparedRequest&gt;` being sent.
        :param stream: (optional) Whether to stream the request content.
        :param timeout: (optional) How long to wait for the server to send
            data before giving up, as a float, or a :ref:`(connect timeout,
            read timeout) &lt;timeouts&gt;` tuple.
        :type timeout: float or tuple or urllib3 Timeout object
        :param verify: (optional) Either a boolean, in which case it controls whether
            we verify the server's TLS certificate, or a string, in which case it
            must be a path to a CA bundle to use
        :param cert: (optional) Any user-provided SSL certificate to be trusted.
        :param proxies: (optional) The proxies dictionary to apply to the request.
        :rtype: requests.Response
        """
    
        try:
            conn = self.get_connection_with_tls_context(
                request, verify, proxies=proxies, cert=cert
            )
        except LocationValueError as e:
            raise InvalidURL(e, request=request)
    
        self.cert_verify(conn, request.url, verify, cert)
        url = self.request_url(request, proxies)
        self.add_headers(
            request,
            stream=stream,
            timeout=timeout,
            verify=verify,
            cert=cert,
            proxies=proxies,
        )
    
        chunked = not (request.body is None or "Content-Length" in request.headers)
    
        if isinstance(timeout, tuple):
            try:
                connect, read = timeout
                timeout = TimeoutSauce(connect=connect, read=read)
            except ValueError:
                raise ValueError(
                    f"Invalid timeout {timeout}. Pass a (connect, read) timeout tuple, "
                    f"or a single float to set both timeouts to the same value."
                )
        elif isinstance(timeout, TimeoutSauce):
            pass
        else:
            timeout = TimeoutSauce(connect=timeout, read=timeout)
    
        try:
            resp = conn.urlopen(
                method=request.method,
                url=url,
                body=request.body,
                headers=request.headers,
                redirect=False,
                assert_same_host=False,
                preload_content=False,
                decode_content=False,
                retries=self.max_retries,
                timeout=timeout,
                chunked=chunked,
            )
    
        except (ProtocolError, OSError) as err:
            raise ConnectionError(err, request=request)
    
        except MaxRetryError as e:
            if isinstance(e.reason, ConnectTimeoutError):
                # TODO: Remove this in 3.0.0: see #2811
                if not isinstance(e.reason, NewConnectionError):
                    raise ConnectTimeout(e, request=request)
    
            if isinstance(e.reason, ResponseError):
                raise RetryError(e, request=request)
    
            if isinstance(e.reason, _ProxyError):
                raise ProxyError(e, request=request)
    
            if isinstance(e.reason, _SSLError):
                # This branch is for urllib3 v1.22 and later.
                raise SSLError(e, request=request)
    
            raise ConnectionError(e, request=request)
    
        except ClosedPoolError as e:
            raise ConnectionError(e, request=request)
    
        except _ProxyError as e:
            raise ProxyError(e)
    
        except (_SSLError, _HTTPError) as e:
            if isinstance(e, _SSLError):
                # This branch is for urllib3 versions earlier than v1.22
                raise SSLError(e, request=request)
            elif isinstance(e, ReadTimeoutError):
&gt;               raise ReadTimeout(e, request=request)
E               requests.exceptions.ReadTimeout: HTTPConnectionPool(host='127.0.0.1', port=8013): Read timed out. (read timeout=300)

..\venv\Lib\site-packages\requests\adapters.py:691: ReadTimeout</failure></testcase><testcase classname="tests.integration.test_rag_api_e2e_real" name="test_real_rag_query_respects_document_page_and_public_provenance" time="15.364"><failure message="AssertionError: {&quot;status&quot;:&quot;error&quot;,&quot;request_id&quot;:&quot;d2168aea-da8c-47bd-83ae-02f448c1589f&quot;,&quot;timestamp&quot;:&quot;2026-07-15T09:42:51.352985Z&quot;,&quot;code&quot;:&quot;service_busy&quot;,&quot;message&quot;:&quot;Il servizio RAG ha raggiunto la capacità concorrente disponibile. Riprovare più tardi.&quot;,&quot;retryable&quot;:true,&quot;details&quot;:[]}&#10;assert 503 == 200&#10; +  where 503 = &lt;Response [503]&gt;.status_code">api_session = &lt;requests.sessions.Session object at 0x0000027477A77A50&gt;, api_base_url = 'http://127.0.0.1:8013'
visible_sample = {'filename': 'regolamento_NIS2.pdf', 'page': 2, 'content': 'Doc: regolamento_NIS2.pdf | Pagina: 2\n... inenti, quali l...uery': 'regolamento_nis2 pagina inenti quali criticità soggetto pertinente rischi esposto dimensioni struttura nonché'}
require_non_empty_data = True, service_timeout_seconds = 300

    def test_real_rag_query_respects_document_page_and_public_provenance(
        api_session: Any,
        api_base_url: str,
        visible_sample: dict[str, Any] | None,
        require_non_empty_data: bool,
        service_timeout_seconds: int,
    ) -&gt; None:
        if visible_sample is None:
            pytest.skip("Nessun chunk reale disponibile per document/page scope")
    
        body = {
            "query": (
                "Riporta esclusivamente le informazioni documentali pertinenti ai seguenti termini: "
                + str(visible_sample["query"])
            ),
            "conversation_id": "batch13-document-page",
            "history": [],
            "options": {
                "include_sources": True,
                "include_debug": True,
                "include_evaluation": False,
                "target_document": visible_sample["filename"],
                "target_pages": [visible_sample["page"]],
                "max_sources": 8,
            },
        }
        response = _post_query(
            api_session,
            api_base_url,
            body,
            service_timeout_seconds,
        )
&gt;       assert response.status_code == 200, response.text[:3000]
E       AssertionError: {"status":"error","request_id":"d2168aea-da8c-47bd-83ae-02f448c1589f","timestamp":"2026-07-15T09:42:51.352985Z","code":"service_busy","message":"Il servizio RAG ha raggiunto la capacità concorrente disponibile. Riprovare più tardi.","retryable":true,"details":[]}
E       assert 503 == 200
E        +  where 503 = &lt;Response [503]&gt;.status_code

tests\integration\test_rag_api_e2e_real.py:287: AssertionError</failure></testcase><testcase classname="tests.integration.test_rag_api_e2e_real" name="test_public_api_rejects_client_tenant_fields" time="0.008" /><testcase classname="tests.integration.test_rag_api_e2e_real" name="test_live_capacity_returns_service_busy_when_opted_in" time="0.002"><skipped type="pytest.skip" message="Stress concorrente disabilitato; usare --capacity-stress">E:\Dev\assessmentAI\rag_api\tests\integration\test_rag_api_e2e_real.py:363: Stress concorrente disabilitato; usare --capacity-stress</skipped></testcase></testsuite></testsuites>