<?xml version="1.0" encoding="utf-8"?><testsuites name="pytest tests"><testsuite name="pytest" errors="0" failures="2" skipped="0" tests="184" time="382.678" timestamp="2026-07-15T14:14:49.460160+02:00" hostname="3AIWKS"><testcase classname="tests.test_rag_reflex_alignment_batch13_4" name="test_deterministic_public_model_is_explicit_not_used" time="0.128" /><testcase classname="tests.test_rag_reflex_alignment_batch13_4" name="test_default_generation_attempts_are_runtime_configurable" time="0.001" /><testcase classname="tests.test_rag_reflex_alignment_batch13_4" name="test_e2e_generation_profile_finishes_before_client_timeout" time="0.001" /><testcase classname="tests.test_rag_reflex_alignment_batch13_4" name="test_e2e_generation_timeout_is_capped_below_network_timeout" time="0.001" /><testcase classname="tests.test_rag_reflex_alignment_batch13_4" name="test_powershell_runner_exposes_bounded_generation_parameters" time="0.001" /><testcase classname="tests.test_rag_reflex_alignment_batch13_3" name="test_has_access_to_is_canonical_but_connects_to_remains_disallowed" time="0.001" /><testcase classname="tests.test_rag_reflex_alignment_batch13_3" name="test_batch13_control_coverage_phrase_is_solved_deterministically" time="0.001" /><testcase classname="tests.test_rag_reflex_alignment_batch13_3" name="test_batch13_control_coverage_phrase_routes_math_direct" time="0.002" /><testcase classname="tests.test_rag_reflex_alignment_batch13_3" name="test_batch13_math_query_bypasses_retrieval_generation_and_judge" time="0.005" /><testcase classname="tests.test_rag_reflex_alignment_batch13_3" name="test_control_coverage_still_rejects_incomplete_narrative" time="0.001" /><testcase classname="tests.test_rag_reflex_alignment_batch12" name="test_capacity_settings_are_bounded_and_validated" time="0.002" /><testcase classname="tests.test_rag_reflex_alignment_batch12" name="test_capacity_limiter_bounds_active_and_waiting_requests" time="0.003" /><testcase classname="tests.test_rag_reflex_alignment_batch12" name="test_capacity_queue_timeout_cleans_waiting_counter" time="0.027" /><testcase classname="tests.test_rag_reflex_alignment_batch12" name="test_query_endpoint_returns_retryable_service_busy" time="0.022" /><testcase classname="tests.test_rag_reflex_alignment_batch12" name="test_capacity_slot_is_released_when_service_raises" time="0.016" /><testcase classname="tests.test_rag_reflex_alignment_batch12" name="test_readiness_exposes_capacity_and_rejects_saturated_instance" time="0.023" /><testcase classname="tests.test_rag_reflex_alignment_batch12" name="test_readiness_is_ok_when_capacity_accepts_work" time="0.018" /><testcase classname="tests.test_rag_reflex_alignment_batch11" name="test_public_schema_accepts_history_that_repeats_current_query" time="0.001" /><testcase classname="tests.test_rag_reflex_alignment_batch11" name="test_history_budget_keeps_most_recent_complete_turn" time="0.001" /><testcase classname="tests.test_rag_reflex_alignment_batch11" name="test_history_budget_truncates_single_recent_turn_without_breaking_roles" time="0.001" /><testcase classname="tests.test_rag_reflex_alignment_batch11" name="test_prompt_builder_reports_history_budget_diagnostics" time="0.002" /><testcase classname="tests.test_rag_reflex_alignment_batch11" name="test_follow_up_document_scope_uses_only_previous_user_messages" time="0.004" /><testcase classname="tests.test_rag_reflex_alignment_batch11" name="test_history_metrics_are_exposed_in_debug_response" time="0.001" /><testcase classname="tests.test_rag_reflex_alignment_batch10" name="test_generation_failure_fallback_is_enabled_by_default" time="0.000" /><testcase classname="tests.test_rag_reflex_alignment_batch10" name="test_transport_failure_returns_structured_fallback_and_preserves_sources" time="0.009" /><testcase classname="tests.test_rag_reflex_alignment_batch10" name="test_empty_generation_fallback_does_not_expose_thinking_or_raw_error" time="0.007" /><testcase classname="tests.test_rag_reflex_alignment_batch10" name="test_generation_fallback_uses_local_warn_evaluation_without_judge" time="0.010" /><testcase classname="tests.test_rag_reflex_alignment_batch10" name="test_generation_failure_can_still_be_configured_as_http_error" time="0.008" /><testcase classname="tests.test_rag_reflex_alignment_batch9" name="test_deterministic_eval_result_is_explicit_pass_not_disabled" time="0.001" /><testcase classname="tests.test_rag_reflex_alignment_batch9" name="test_math_direct_bypasses_judge_and_cannot_be_strict_blocked" time="0.005" /><testcase classname="tests.test_rag_reflex_alignment_batch9" name="test_no_sources_fallback_bypasses_judge_and_is_marked_deterministic" time="0.005" /><testcase classname="tests.test_rag_reflex_alignment_batch9" name="test_generated_rag_answer_still_uses_llm_judge" time="0.009" /><testcase classname="tests.test_rag_reflex_alignment_batch9" name="test_disabled_evaluation_does_not_call_judge_for_deterministic_branch" time="0.005" /><testcase classname="tests.test_rag_reflex_alignment_batch8" name="test_unretrieved_filename_reference_is_removed_but_retrieved_filename_is_kept" time="0.002" /><testcase classname="tests.test_rag_reflex_alignment_batch8" name="test_sources_section_rebuild_avoids_false_missing_citation_warning" time="0.001" /><testcase classname="tests.test_rag_reflex_alignment_batch8" name="test_missing_citation_warning_remains_when_rebuild_is_disabled" time="0.001" /><testcase classname="tests.test_rag_reflex_alignment_batch8" name="test_source_filename_is_single_line_and_markdown_safe" time="0.001" /><testcase classname="tests.test_rag_reflex_alignment_batch8" name="test_synthetic_graph_source_has_explicit_structural_provenance" time="0.001" /><testcase classname="tests.test_rag_reflex_alignment_batch8" name="test_final_answer_truncation_preserves_complete_table_and_formula_lines" time="0.004" /><testcase classname="tests.test_rag_reflex_alignment_batch7" name="test_formula_intent_prioritizes_formula_source_before_ranked_text" time="0.001" /><testcase classname="tests.test_rag_reflex_alignment_batch7" name="test_prompt_builder_propagates_intent_priority_to_context_selection" time="0.001" /><testcase classname="tests.test_rag_reflex_alignment_batch7" name="test_audit_context_prioritizes_tier_c_evidence_under_tight_budget" time="0.001" /><testcase classname="tests.test_rag_reflex_alignment_batch7" name="test_merged_formula_tail_is_preserved_without_cutting_formula_lines" time="0.001" /><testcase classname="tests.test_rag_reflex_alignment_batch7" name="test_markdown_table_truncation_keeps_header_separator_and_complete_rows" time="0.001" /><testcase classname="tests.test_rag_reflex_alignment_batch7" name="test_prompt_source_provenance_envelope_is_complete_when_body_is_truncated" time="0.001" /><testcase classname="tests.test_rag_reflex_alignment_batch6" name="test_prompt_context_tracks_stable_dedupe_keys" time="0.001" /><testcase classname="tests.test_rag_reflex_alignment_batch6" name="test_prompt_source_selection_uses_dedupe_key_and_prompt_order" time="0.001" /><testcase classname="tests.test_rag_reflex_alignment_batch6" name="test_generated_response_exposes_only_sources_actually_sent_to_llm" time="0.010" /><testcase classname="tests.test_rag_reflex_alignment_batch6" name="test_evaluation_receives_prompt_sources_not_full_retrieval" time="0.008" /><testcase classname="tests.test_rag_reflex_alignment_batch5" name="test_final_dedupe_merges_text_and_formula_for_same_chunk" time="0.001" /><testcase classname="tests.test_rag_reflex_alignment_batch5" name="test_final_dedupe_unions_graph_context_without_duplicates" time="0.001" /><testcase classname="tests.test_rag_reflex_alignment_batch5" name="test_final_dedupe_preserves_postgres_provenance_and_stricter_classification" time="0.001" /><testcase classname="tests.test_rag_reflex_alignment_batch5" name="test_final_dedupe_does_not_collapse_distinct_generic_graph_rows" time="0.001" /><testcase classname="tests.test_rag_reflex_alignment_batch5" name="test_final_dedupe_identity_is_bound_to_tenant_scope" time="0.001" /><testcase classname="tests.test_rag_reflex_alignment_batch5" name="test_final_dedupe_is_idempotent_and_preserves_first_ranking_position" time="0.001" /><testcase classname="tests.test_retrieval_reflex_alignment_batch4" name="test_merge_same_chunk_preserves_all_distinct_graph_formulas_and_keys" time="0.001" /><testcase classname="tests.test_retrieval_reflex_alignment_batch4" name="test_merge_formula_is_idempotent_for_duplicate_neo4j_rows" time="0.001" /><testcase classname="tests.test_retrieval_reflex_alignment_batch4" name="test_postgres_canonical_enrichment_does_not_erase_direct_graph_formula" time="0.001" /><testcase classname="tests.test_retrieval_reflex_alignment_batch4" name="test_final_source_materialization_preserves_postgres_provenance_fields" time="0.001" /><testcase classname="tests.test_retrieval_reflex_alignment_batch4" name="test_full_retrieval_merge_keeps_formula_and_canonical_provenance" time="0.008" /><testcase classname="tests.test_retrieval_reflex_alignment_batch3" name="test_qdrant_filter_pushes_page_scope_into_payload_filter" time="1.279" /><testcase classname="tests.test_retrieval_reflex_alignment_batch3" name="test_postgres_bm25_and_exact_phrase_push_page_scope_before_limit" time="0.001" /><testcase classname="tests.test_retrieval_reflex_alignment_batch3" name="test_postgres_document_scope_has_exact_provenance_projection_and_page_pushdown" time="0.001" /><testcase classname="tests.test_retrieval_reflex_alignment_batch3" name="test_neo4j_direct_search_pushes_document_and_page_scope_before_limit[_search_neo4j_entities-Mostra le entit\xe0 incident response]" time="0.001" /><testcase classname="tests.test_retrieval_reflex_alignment_batch3" name="test_neo4j_direct_search_pushes_document_and_page_scope_before_limit[_search_neo4j_formulas-Elenca le formule di rischio]" time="0.001" /><testcase classname="tests.test_retrieval_reflex_alignment_batch3" name="test_neo4j_direct_search_pushes_document_and_page_scope_before_limit[_search_neo4j_relations-Mostra le relazioni tra rischio e controllo]" time="0.001" /><testcase classname="tests.test_retrieval_reflex_alignment_batch3" name="test_neighbor_search_pushes_scope_on_c2_before_limit" time="0.001" /><testcase classname="tests.test_retrieval_reflex_alignment_batch3" name="test_graph_expansion_uses_only_document_and_page_scoped_seeds" time="0.007" /><testcase classname="tests.test_retrieval_reflex_alignment_batch2" name="test_postgres_document_scope_select_has_aligned_provenance_columns" time="0.002" /><testcase classname="tests.test_retrieval_reflex_alignment_batch2" name="test_formula_metric_query_expands_notification_threshold_aliases" time="0.001" /><testcase classname="tests.test_retrieval_reflex_alignment_batch2" name="test_non_formula_query_is_not_expanded_with_threshold_aliases" time="0.001" /><testcase classname="tests.test_retrieval_reflex_alignment_batch2" name="test_neo4j_formula_document_scope_is_applied_inside_query_before_limit" time="0.001" /><testcase classname="tests.test_retrieval_reflex_alignment_batch2" name="test_retrieval_debug_reports_document_scope_hits" time="0.006" /><testcase classname="tests.test_rag_reflex_alignment" name="test_unquoted_document_filename_is_extracted_without_sentence_prefix" time="0.002" /><testcase classname="tests.test_rag_reflex_alignment" name="test_quoted_document_filename_is_extracted" time="0.002" /><testcase classname="tests.test_rag_reflex_alignment" name="test_explicit_target_document_has_priority_over_query_inference" time="0.002" /><testcase classname="tests.test_rag_reflex_alignment" name="test_single_weak_checklist_concept_does_not_enable_strict_checklist[Descrivi il controllo documentale.]" time="0.002" /><testcase classname="tests.test_rag_reflex_alignment" name="test_single_weak_checklist_concept_does_not_enable_strict_checklist[Spiega la relazione tra rischio e controllo.]" time="0.002" /><testcase classname="tests.test_rag_reflex_alignment" name="test_single_weak_checklist_concept_does_not_enable_strict_checklist[Describe the access control objective.]" time="0.002" /><testcase classname="tests.test_rag_reflex_alignment" name="test_two_distinct_checklist_concepts_enable_strict_checklist[Elenca i controlli e le evidenze richieste.]" time="0.002" /><testcase classname="tests.test_rag_reflex_alignment" name="test_two_distinct_checklist_concepts_enable_strict_checklist[List the controls and evidence required for the audit.]" time="0.002" /><testcase classname="tests.test_rag_reflex_alignment" name="test_chart_intent_uses_the_same_general_vocabulary_as_reflex[Mostra un grafico del rischio.]" time="0.002" /><testcase classname="tests.test_rag_reflex_alignment" name="test_chart_intent_uses_the_same_general_vocabulary_as_reflex[Disegna un diagramma del processo.]" time="0.002" /><testcase classname="tests.test_rag_reflex_alignment" name="test_chart_intent_uses_the_same_general_vocabulary_as_reflex[Crea un flowchart della procedura.]" time="0.002" /><testcase classname="tests.test_rag_reflex_alignment" name="test_chart_intent_uses_the_same_general_vocabulary_as_reflex[Descrivi l'architettura del sistema.]" time="0.002" /><testcase classname="tests.test_rag_reflex_alignment" name="test_operational_calculation_remains_math_direct_not_formula_lookup" time="0.002" /><testcase classname="tests.test_rag_reflex_alignment" name="test_explicit_neo4j_relation_query_remains_graph_strict" time="0.002" /><testcase classname="tests.test_rag_reflex_alignment" name="test_explanatory_relation_query_does_not_force_graph_strict" time="0.002" /><testcase classname="tests.test_rag_reflex_alignment" name="test_page_range_matches_reflex_behavior" time="0.002" /><testcase classname="tests.test_retrieval_simulated" name="test_qdrant_search_filters_foreign_tenant" time="0.002" /><testcase classname="tests.test_retrieval_simulated" name="test_retrieval_uses_explicit_qdrant_limit" time="0.006" /><testcase classname="tests.test_retrieval_simulated" name="test_retrieval_merges_same_candidate_from_qdrant_and_postgres" time="0.006" /><testcase classname="tests.test_retrieval_simulated" name="test_retrieval_applies_document_and_page_scope" time="0.005" /><testcase classname="tests.test_retrieval_simulated" name="test_retrieval_degrades_when_one_backend_fails" time="0.007" /><testcase classname="tests.test_retrieval_simulated" name="test_retrieval_raises_when_all_attempted_backends_fail" time="0.006" /><testcase classname="tests.test_rag_service_simulated" name="test_math_direct_bypasses_retrieval_and_generation" time="0.005" /><testcase classname="tests.test_rag_service_simulated" name="test_math_with_document_context_bypasses_generation" time="0.009" /><testcase classname="tests.test_rag_service_simulated" name="test_documental_query_runs_retrieval_generation_validation_and_audit" time="0.009" /><testcase classname="tests.test_rag_service_simulated" name="test_no_sources_returns_safe_fallback_without_llm" time="0.004" /><testcase classname="tests.test_rag_service_simulated" name="test_generation_error_is_wrapped_and_failed_request_is_audited" time="0.008" /><testcase classname="tests.test_rag_service_simulated" name="test_foreign_candidate_is_rejected_by_service_guard" time="0.004" /><testcase classname="tests.test_rag_service_simulated" name="test_graph_relation_strict_bypasses_generation" time="0.013" /><testcase classname="tests.test_rag_service_simulated" name="test_graph_relation_strict_exposes_only_sources_used_in_answer" time="0.010" /><testcase classname="tests.test_rag_service_simulated" name="test_formula_strict_bypasses_generation" time="0.022" /><testcase classname="tests.test_rag_service_simulated" name="test_formula_strict_exposes_only_sources_used_in_answer" time="0.017" /><testcase classname="tests.test_rag_service_simulated" name="test_english_follow_up_terms_are_not_concatenated" time="0.005" /><testcase classname="tests.test_rag_service_simulated" name="test_graph_strict_ignores_corrupted_travers4j_term" time="0.004" /><testcase classname="tests.test_validation" name="test_structure_is_repaired_and_sources_are_rebuilt" time="0.001" /><testcase classname="tests.test_validation" name="test_internal_metadata_and_external_url_are_removed" time="0.001" /><testcase classname="tests.test_validation" name="test_cross_tenant_source_blocks_response" time="0.001" /><testcase classname="tests.test_validation" name="test_requested_document_not_found_returns_safe_fallback" time="0.001" /><testcase classname="tests.test_validation" name="test_evidence_relevance_table_is_repaired" time="0.002" /><testcase classname="tests.test_validation" name="test_formula_mode_requires_visible_formula" time="0.001" /><testcase classname="tests.test_reranking" name="test_rrf_combines_vector_bm25_and_graph_rankings" time="0.001" /><testcase classname="tests.test_reranking" name="test_tier_policy_applies_expected_delta" time="0.000" /><testcase classname="tests.test_reranking" name="test_diversification_limits_same_page_and_document" time="0.001" /><testcase classname="tests.test_reranking" name="test_engine_uses_cross_encoder_and_does_not_mutate_inputs" time="0.001" /><testcase classname="tests.test_reranking" name="test_engine_falls_back_when_reranker_is_missing" time="0.001" /><testcase classname="tests.test_models" name="test_source_item_normalizes_type_status_and_has_stable_excerpt" time="0.001" /><testcase classname="tests.test_models" name="test_source_item_rejects_invalid_tenant_provenance[kwargs0]" time="0.001" /><testcase classname="tests.test_models" name="test_source_item_rejects_invalid_tenant_provenance[kwargs1]" time="0.001" /><testcase classname="tests.test_models" name="test_source_item_rejects_invalid_tenant_provenance[kwargs2]" time="0.001" /><testcase classname="tests.test_models" name="test_retrieval_candidate_uses_most_advanced_score_and_converts" time="0.001" /><testcase classname="tests.test_models" name="test_score_stats_calculates_min_max_average" time="0.001" /><testcase classname="tests.test_models" name="test_audit_trail_hashes_query_and_does_not_persist_plain_text" time="0.001" /><testcase classname="tests.test_models" name="test_eval_result_resolves_verdict_and_factory_methods" time="0.001" /><testcase classname="tests.test_models" name="test_service_result_aligns_retrieval_metrics_and_deduplicates_warnings" time="0.001" /><testcase classname="tests.test_prompting" name="test_history_ignores_system_collapses_roles_and_removes_current_query" time="0.001" /><testcase classname="tests.test_prompting" name="test_tier_context_filters_foreign_sources" time="0.001" /><testcase classname="tests.test_prompting" name="test_requested_document_limits_prompt_context" time="0.001" /><testcase classname="tests.test_prompting" name="test_prompt_builder_builds_tenant_safe_evidence_relevance_prompt" time="0.001" /><testcase classname="tests.test_prompting" name="test_prompt_builder_uses_audit_specific_mode_instructions" time="0.001" /><testcase classname="tests.test_prompting" name="test_prompt_builder_keeps_knowledge_mode_non_audit_guardrail" time="0.001" /><testcase classname="tests.test_prompting" name="test_prompt_rejects_document_path" time="0.001" /><testcase classname="tests.test_prompting" name="test_tier_context_preserves_substantial_source_body" time="0.002" /><testcase classname="tests.test_prompting" name="test_tier_context_skips_oversized_source_and_keeps_later_source" time="0.001" /><testcase classname="tests.test_generation_simulated" name="test_generation_success_builds_native_chat_payload" time="0.001" /><testcase classname="tests.test_generation_simulated" name="test_empty_content_retries_and_never_uses_thinking" time="0.001" /><testcase classname="tests.test_generation_simulated" name="test_empty_content_without_retry_raises" time="0.001" /><testcase classname="tests.test_generation_simulated" name="test_transient_http_error_retries" time="0.001" /><testcase classname="tests.test_generation_simulated" name="test_non_retryable_http_error_does_not_retry" time="0.001" /><testcase classname="tests.test_generation_simulated" name="test_invalid_json_is_protocol_error" time="0.001" /><testcase classname="tests.test_generation_simulated" name="test_transport_timeout_is_retryable_and_eventually_raises" time="0.001" /><testcase classname="tests.test_generation_simulated" name="test_generate_async_uses_same_contract" time="0.004" /><testcase classname="tests.test_routes_rag_simulated" name="test_query_endpoint_maps_request_and_response" time="0.016" /><testcase classname="tests.test_routes_rag_simulated" name="test_query_validation_error_uses_uniform_contract" time="0.016" /><testcase classname="tests.test_routes_rag_simulated" name="test_service_error_is_mapped_to_safe_http_error" time="0.019" /><testcase classname="tests.test_routes_rag_simulated" name="test_liveness_is_always_ok" time="0.022" /><testcase classname="tests.test_routes_rag_simulated" name="test_readiness_uses_simulated_snapshot" time="0.022" /><testcase classname="tests.test_resources_simulated" name="test_resource_manager_initializes_atomically_ready" time="0.001" /><testcase classname="tests.test_resources_simulated" name="test_resource_manager_degrades_when_optional_neo4j_fails" time="0.001" /><testcase classname="tests.test_resources_simulated" name="test_resource_manager_strict_neo4j_failure_fails_startup" time="3.213" /><testcase classname="tests.test_resources_simulated" name="test_postgres_connection_sets_and_resets_tenant_gucs" time="0.002" /><testcase classname="tests.test_resources_simulated" name="test_health_snapshot_deep_uses_simulated_probes" time="0.001" /><testcase classname="tests.test_resources_simulated" name="test_close_is_idempotent" time="0.273" /><testcase classname="tests.test_batch13_e2e_support" name="test_real_service_runner_resolves_project_root" time="0.002" /><testcase classname="tests.test_batch13_e2e_support" name="test_batch13_manifest_contains_unit_and_real_closure_tests" time="0.001" /><testcase classname="tests.test_batch13_e2e_support" name="test_parse_junit_xml_sums_multiple_suites" time="0.014" /><testcase classname="tests.test_batch13_e2e_support" name="test_safe_environment_snapshot_never_records_secrets" time="0.001" /><testcase classname="tests.test_batch13_e2e_support" name="test_batch13_report_is_written_and_sanitized" time="0.065" /><testcase classname="tests.test_batch13_e2e_support" name="test_batch13_start_mode_refuses_to_reuse_existing_api" time="0.001" /><testcase classname="tests.test_batch13_e2e_support" name="test_batch13_launch_plan_is_explicit" time="0.001" /><testcase classname="tests.integration.test_postgres_real" name="test_postgres_ping_and_identity" time="0.148" /><testcase classname="tests.integration.test_postgres_real" name="test_postgres_required_schema_rls_and_policies" time="0.086" /><testcase classname="tests.integration.test_postgres_real" name="test_postgres_tenant_guc_roundtrip" time="0.009" /><testcase classname="tests.integration.test_postgres_real" name="test_postgres_active_data_respects_tier_scope_invariants" time="0.049" /><testcase classname="tests.integration.test_qdrant_real" name="test_qdrant_collection_exists_and_is_green" time="0.687" /><testcase classname="tests.integration.test_qdrant_real" name="test_qdrant_visible_payloads_respect_tenant_policy" time="0.034" /><testcase classname="tests.integration.test_qdrant_real" name="test_qdrant_real_vector_query_returns_visible_points" time="0.037" /><testcase classname="tests.integration.test_neo4j_real" name="test_neo4j_ping_and_server_info" time="0.883" /><testcase classname="tests.integration.test_neo4j_real" name="test_neo4j_expected_graph_content" time="0.018" /><testcase classname="tests.integration.test_neo4j_real" name="test_neo4j_active_chunks_respect_tenant_invariants" time="0.017" /><testcase classname="tests.integration.test_neo4j_real" name="test_neo4j_active_relationship_types_are_whitelisted" time="0.037" /><testcase classname="tests.integration.test_ollama_real" name="test_ollama_tags_contains_configured_model" time="0.110" /><testcase classname="tests.integration.test_ollama_real" name="test_ollama_native_chat_returns_non_empty_content" time="108.249" /><testcase classname="tests.integration.test_organization_isolation_real" name="test_postgres_visibility_shares_tier_a_and_excludes_foreign_tier_bc" time="0.153" /><testcase classname="tests.integration.test_organization_isolation_real" name="test_qdrant_filter_shares_tier_a_and_excludes_foreign_tier_bc" time="0.767" /><testcase classname="tests.integration.test_organization_isolation_real" name="test_neo4j_visibility_shares_tier_a_and_excludes_foreign_tier_bc" time="0.064" /><testcase classname="tests.integration.test_rag_api_e2e_real" name="test_live_endpoint_and_security_headers" time="0.034" /><testcase classname="tests.integration.test_rag_api_e2e_real" name="test_deep_readiness_reports_real_dependencies" time="0.179" /><testcase classname="tests.integration.test_rag_api_e2e_real" name="test_deterministic_math_route_is_end_to_end_and_model_free" time="0.091"><failure message="AssertionError: assert 'DISABLED' == 'PASS'&#10;  &#10;  #x1B[0m#x1B[91m- PASS#x1B[39;49;00m#x1B[90m#x1B[39;49;00m&#10;  #x1B[92m+ DISABLED#x1B[39;49;00m#x1B[90m#x1B[39;49;00m">api_session = &lt;requests.sessions.Session object at 0x00000197A0B57A10&gt;, api_base_url = 'http://127.0.0.1:8013', service_timeout_seconds = 300

    def test_deterministic_math_route_is_end_to_end_and_model_free(
        api_session: Any,
        api_base_url: str,
        service_timeout_seconds: int,
    ) -&gt; None:
        response = _post_query(
            api_session,
            api_base_url,
            {
                "query": (
                    "Una checklist di 20 controlli contiene 12 controlli implementati e "
                    "4 controlli parziali che valgono il 50%. Calcola la copertura complessiva."
                ),
                "conversation_id": "batch13-math",
                "history": [],
                "options": {
                    "include_sources": True,
                    "include_debug": True,
                    "include_evaluation": True,
                },
            },
            service_timeout_seconds,
        )
        assert response.status_code == 200, response.text[:2000]
        payload = _response_json(response)
        assert payload["status"] == "success"
        assert payload["execution_mode"] == "math_direct"
        assert payload["deterministic"] is True
        assert payload["model"] == "not-used"
        assert "70" in str(payload["answer"])
&gt;       assert payload.get("evaluation", {}).get("verdict") == "PASS"
E       AssertionError: assert 'DISABLED' == 'PASS'
E         
E         #x1B[0m#x1B[91m- PASS#x1B[39;49;00m#x1B[90m#x1B[39;49;00m
E         #x1B[92m+ DISABLED#x1B[39;49;00m#x1B[90m#x1B[39;49;00m

tests\integration\test_rag_api_e2e_real.py:250: AssertionError</failure></testcase><testcase classname="tests.integration.test_rag_api_e2e_real" name="test_real_rag_query_respects_document_page_and_public_provenance" time="64.660"><failure message="AssertionError: {&quot;status&quot;:&quot;error&quot;,&quot;request_id&quot;:&quot;64ca2ff0-582b-4224-9151-40fe68af79c4&quot;,&quot;timestamp&quot;:&quot;2026-07-15T12:20:08.119222Z&quot;,&quot;code&quot;:&quot;validation_error&quot;,&quot;message&quot;:&quot;La richiesta contiene parametri non validi.&quot;,&quot;retryable&quot;:false,&quot;details&quot;:[]}&#10;assert 422 == 200&#10; +  where 422 = &lt;Response [422]&gt;.status_code">api_session = &lt;requests.sessions.Session object at 0x00000197A0B57A10&gt;, api_base_url = 'http://127.0.0.1:8013'
visible_sample = {'filename': 'regolamento_NIS2.pdf', 'page': 2, 'content': 'Doc: regolamento_NIS2.pdf | Pagina: 2\n... inenti, quali l...uery': 'regolamento_nis2 pagina inenti quali criticità soggetto pertinente rischi esposto dimensioni struttura nonché'}
require_non_empty_data = True, service_timeout_seconds = 300

    def test_real_rag_query_respects_document_page_and_public_provenance(
        api_session: Any,
        api_base_url: str,
        visible_sample: dict[str, Any] | None,
        require_non_empty_data: bool,
        service_timeout_seconds: int,
    ) -&gt; None:
        if visible_sample is None:
            pytest.skip("Nessun chunk reale disponibile per document/page scope")
    
        body = {
            "query": (
                "Riporta esclusivamente le informazioni documentali pertinenti ai seguenti termini: "
                + str(visible_sample["query"])
            ),
            "conversation_id": "batch13-document-page",
            "history": [],
            "options": {
                "include_sources": True,
                "include_debug": True,
                "include_evaluation": False,
                "target_document": visible_sample["filename"],
                "target_pages": [visible_sample["page"]],
                "max_sources": 8,
            },
        }
        response = _post_query(
            api_session,
            api_base_url,
            body,
            service_timeout_seconds,
        )
&gt;       assert response.status_code == 200, response.text[:3000]
E       AssertionError: {"status":"error","request_id":"64ca2ff0-582b-4224-9151-40fe68af79c4","timestamp":"2026-07-15T12:20:08.119222Z","code":"validation_error","message":"La richiesta contiene parametri non validi.","retryable":false,"details":[]}
E       assert 422 == 200
E        +  where 422 = &lt;Response [422]&gt;.status_code

tests\integration\test_rag_api_e2e_real.py:287: AssertionError</failure></testcase><testcase classname="tests.integration.test_rag_api_e2e_real" name="test_public_api_rejects_client_tenant_fields" time="0.008" /><testcase classname="tests.integration.test_rag_api_e2e_real" name="test_live_capacity_returns_service_busy_when_opted_in" time="63.989" /></testsuite></testsuites>